<?xml version="1.0" encoding="UTF-8"?>
<testsuite xmlns:xsi="http://www.w3.org/2001/XMLSchema-instance" xsi:noNamespaceSchemaLocation="https://maven.apache.org/surefire/maven-surefire-plugin/xsd/surefire-test-report-3.0.xsd" version="3.0" name="core.nxg.NxgApplicationTests" time="9.607" tests="1" errors="0" skipped="0" failures="0">
  <properties>
[...]
</properties>
  <testcase name="contextLoads" classname="core.nxg.NxgApplicationTests" time="0.629">
    <system-out><![CDATA[17:00:10.006 [main] INFO org.springframework.test.context.support.AnnotationConfigContextLoaderUtils -- Could not detect default configuration classes for test class [core.nxg.NxgApplicationTests]: NxgApplicationTests does not declare any static, non-private, non-final, nested classes annotated with @Configuration.
17:00:10.122 [main] INFO org.springframework.boot.test.context.SpringBootTestContextBootstrapper -- Found @SpringBootConfiguration core.nxg.NxgApplication for test class core.nxg.NxgApplicationTests
  _   ___  ______           _  ___  ____        ____  _____
 | \ | \ \/ / ___|         | |/ _ \| __ )      | __ )| ____|
 |  \| |\  / |  _ _____ _  | | | | |  _ \ _____|  _ \|  _|
 | |\  |/  \ |_| |_____| |_| | |_| | |_) |_____| |_) | |___
 |_| \_/_/\_\____|      \___/ \___/|____/      |____/|_____|

2024-01-11T17:00:10.559+01:00  INFO 7106 --- [           main] core.nxg.NxgApplicationTests             : Starting NxgApplicationTests using Java 20.0.1 with PID 7106 (started by josephnma in /Users/josephnma/Downloads/nxg-job-hub-backend)
2024-01-11T17:00:10.564+01:00  INFO 7106 --- [           main] core.nxg.NxgApplicationTests             : The following 1 profile is active: "dev"
2024-01-11T17:00:11.600+01:00  INFO 7106 --- [           main] .s.d.r.c.RepositoryConfigurationDelegate : Bootstrapping Spring Data JPA repositories in DEFAULT mode.
2024-01-11T17:00:11.946+01:00  INFO 7106 --- [           main] .s.d.r.c.RepositoryConfigurationDelegate : Finished Spring Data repository scanning in 338 ms. Found 13 JPA repository interfaces.
2024-01-11T17:00:12.573+01:00  INFO 7106 --- [           main] o.hibernate.jpa.internal.util.LogHelper  : HHH000204: Processing PersistenceUnitInfo [name: default]
2024-01-11T17:00:12.623+01:00  INFO 7106 --- [           main] org.hibernate.Version                    : HHH000412: Hibernate ORM core version 6.2.5.Final
2024-01-11T17:00:12.625+01:00  INFO 7106 --- [           main] org.hibernate.cfg.Environment            : HHH000406: Using bytecode reflection optimizer
2024-01-11T17:00:12.777+01:00  INFO 7106 --- [           main] o.h.b.i.BytecodeProviderInitiator        : HHH000021: Bytecode provider name : bytebuddy
2024-01-11T17:00:12.921+01:00  INFO 7106 --- [           main] o.s.o.j.p.SpringPersistenceUnitInfo      : No LoadTimeWeaver setup: ignoring JPA class transformer
2024-01-11T17:00:12.937+01:00  INFO 7106 --- [           main] com.zaxxer.hikari.HikariDataSource       : HikariPool-1 - Starting...
2024-01-11T17:00:13.580+01:00  INFO 7106 --- [           main] com.zaxxer.hikari.pool.HikariPool        : HikariPool-1 - Added connection conn0: url=jdbc:h2:mem:testdb user=SA
2024-01-11T17:00:13.582+01:00  INFO 7106 --- [           main] com.zaxxer.hikari.HikariDataSource       : HikariPool-1 - Start completed.
2024-01-11T17:00:14.035+01:00  INFO 7106 --- [           main] o.h.b.i.BytecodeProviderInitiator        : HHH000021: Bytecode provider name : bytebuddy
2024-01-11T17:00:14.491+01:00  INFO 7106 --- [           main] o.h.m.i.EntityInstantiatorPojoStandard   : HHH000182: No default (no-argument) constructor for class: core.nxg.entity.Notification (class must be instantiated by Interceptor)
2024-01-11T17:00:14.921+01:00  INFO 7106 --- [           main] o.h.e.t.j.p.i.JtaPlatformInitiator       : HHH000490: Using JtaPlatform implementation: [org.hibernate.engine.transaction.jta.platform.internal.NoJtaPlatform]
Hibernate: create table agents (id bigint not null, address varchar(255), email varchar(255), industry_type tinyint check (industry_type between 0 and 12), job_type tinyint check (job_type between 0 and 3), zip_code varchar(255), user_id bigint, primary key (id))
Hibernate: create table applications (application_id bigint not null, application_status varchar(255) check (application_status in ('REJECTED','APPROVED','PENDING')), application_date timestamp(6), applicant_id bigint, job_posting_jobid bigint, primary key (application_id))
Hibernate: create table comments (id bigint generated by default as identity, comment varchar(255), job_posting_id bigint, primary key (id))
Hibernate: create table comments_reactions_mapping (comment_id bigint not null, reaction_id bigint not null)
Hibernate: create table employer (employerid bigint not null, company_address varchar(255), company_description varchar(255), company_name varchar(255), company_phone varchar(255), company_size varchar(255), company_website varchar(255), country varchar(255), email varchar(255), industry_type varchar(255), job_board varchar(255), position varchar(255), user_id bigint, primary key (employerid))
Hibernate: create table employer_ratings (employer_employerid bigint not null, ratings_id bigint not null)
Hibernate: create table job_postings_views_mapping (view_id bigint not null, job_posting_id bigint not null)
Hibernate: create table job_posting (jobid bigint generated by default as identity, company_bio varchar(255), created_at date, deadline date, employer_id varchar(255), job_description varchar(255), job_location varchar(255), job_title varchar(255), job_type varchar(255), reaction varchar(255), requirements varchar(255), salary varchar(255), tags varchar(255), view_view_id bigint, primary key (jobid))
Hibernate: create table job_posting_comments (job_posting_jobid bigint not null, comments_id bigint not null)
Hibernate: create table job_posting_reactions (job_posting_jobid bigint not null, reactions_id bigint not null)
Hibernate: create table notifications (id bigint not null, date_time timestamp(6), delivered boolean not null, message varchar(255), notification_type tinyint check (notification_type between 0 and 4), seen boolean not null, referenced_user_id bigint, primary key (id))
Hibernate: create table otp (id bigint generated by default as identity, email varchar(255), expiry_time timestamp(6), otp varchar(255), phone_number varchar(255), primary key (id))
Hibernate: create table ratings (id bigint generated by default as identity, rating varchar(255) check (rating in ('EXCELLENT','VERY_GOOD','GOOD','BAD')), employer_id bigint, primary key (id))
Hibernate: create table reaction (id bigint generated by default as identity, reaction_type varchar(255) check (reaction_type in ('EXCELLENT','GOOD','FAIR','BAD')), primary key (id))
Hibernate: create table saved_jobs (id bigint generated by default as identity, job_posting_id bigint, user_id bigint, primary key (id))
Hibernate: create table skills (id bigint not null, available_skills varchar(255) array, skill_name varchar(255), tech_talent_user_tech_id bigint, primary key (id))
Hibernate: create table tech_talent (tech_id bigint not null, city varchar(255), country_code varchar(255), coverletter varchar(255), current_job varchar(255), email varchar(255), experience_level varchar(255), highest_qualification varchar(255), job_type varchar(255), linked_in_url varchar(255), location varchar(255), professional_cert varchar(255), residential_address varchar(255), resume varchar(255), skills varchar(255) array, state varchar(255), work_mode varchar(255), years_of_experience integer not null, zip_code varchar(255), user_id bigint, primary key (tech_id))
Hibernate: create table users (id bigint not null, date_of_birth date, email varchar(255) not null, enabled boolean, first_name varchar(255), gender varchar(255) check (gender in ('FEMALE','MALE')), last_name varchar(255), nationality varchar(255), password varchar(255) not null, phone_number varchar(255), profile_picture varchar(255), provider varchar(255) check (provider in ('LOCAL','GOOGLE','LINKEDIN')), roles varchar(255), user_type varchar(255) check (user_type in ('TECHTALENT','AGENT','EMPLOYER','ADMIN')), primary key (id))
Hibernate: create table verification_code (id bigint not null, code varchar(255), created_date timestamp(6), expiry_date timestamp(6) with time zone, user_id bigint, primary key (id))
Hibernate: create table view (view_id bigint generated by default as identity, view_count integer not null, primary key (view_id))
Hibernate: alter table if exists agents drop constraint if exists UK_ica2nnf6jymrt09bvuv7e4mai
Hibernate: alter table if exists agents add constraint UK_ica2nnf6jymrt09bvuv7e4mai unique (user_id)
Hibernate: alter table if exists employer drop constraint if exists UK_k30e1f6l8hxi1t8aabflue0he
Hibernate: alter table if exists employer add constraint UK_k30e1f6l8hxi1t8aabflue0he unique (user_id)
Hibernate: alter table if exists employer_ratings drop constraint if exists UK_mqxrus1sdvdptyl5tssxircop
Hibernate: alter table if exists employer_ratings add constraint UK_mqxrus1sdvdptyl5tssxircop unique (ratings_id)
Hibernate: alter table if exists job_posting drop constraint if exists UK_igt3vo2lny80b1f178ibu4ruh
Hibernate: alter table if exists job_posting add constraint UK_igt3vo2lny80b1f178ibu4ruh unique (view_view_id)
Hibernate: alter table if exists job_posting_comments drop constraint if exists UK_gg8ninxxks17vxdqiu7rxdg1d
Hibernate: alter table if exists job_posting_comments add constraint UK_gg8ninxxks17vxdqiu7rxdg1d unique (comments_id)
Hibernate: alter table if exists tech_talent drop constraint if exists UK_mfyfh6ere6xki7dpm9uvdvdr1
Hibernate: alter table if exists tech_talent add constraint UK_mfyfh6ere6xki7dpm9uvdvdr1 unique (user_id)
Hibernate: alter table if exists users drop constraint if exists UK_6dotkott2kjsp8vw4d0m25fb7
Hibernate: alter table if exists users add constraint UK_6dotkott2kjsp8vw4d0m25fb7 unique (email)
Hibernate: create sequence agents_seq start with 1 increment by 50
Hibernate: create sequence applications_seq start with 1 increment by 50
Hibernate: create sequence employer_seq start with 1 increment by 50
Hibernate: create sequence notifications_seq start with 1 increment by 50
Hibernate: create sequence skills_seq start with 1 increment by 50
Hibernate: create sequence tech_talent_seq start with 1 increment by 50
Hibernate: create sequence users_seq start with 1 increment by 50
Hibernate: create sequence verification_code_seq start with 1 increment by 50
Hibernate: alter table if exists agents add constraint FK2vh8rg4inh3scgcguimya35my foreign key (user_id) references users
Hibernate: alter table if exists applications add constraint FKgi56fay19nbaiamp5xyhd7ptc foreign key (applicant_id) references users
Hibernate: alter table if exists applications add constraint FKlswvy6c4rou9rni15nkn4weom foreign key (job_posting_jobid) references job_posting
Hibernate: alter table if exists comments add constraint FK76189tl7alknwdrdg9fbqkgcb foreign key (job_posting_id) references job_posting
Hibernate: alter table if exists comments_reactions_mapping add constraint FKeq3tqcowg7n43xgjg4l2g28cu foreign key (reaction_id) references reaction
Hibernate: alter table if exists comments_reactions_mapping add constraint FK5bj4u0ispne07mvv5j3ymdxf5 foreign key (comment_id) references comments
Hibernate: alter table if exists employer add constraint FK43iuo0lskcmiokbwvolc0lmj9 foreign key (user_id) references users
Hibernate: alter table if exists employer_ratings add constraint FKkfje0irsqy6x5bkagfyq8lqm5 foreign key (ratings_id) references ratings
Hibernate: alter table if exists employer_ratings add constraint FKq11t0xobj3xo65b73xoyuetu foreign key (employer_employerid) references employer
Hibernate: alter table if exists job_postings_views_mapping add constraint FKio7e2d4x5wj7dij2lcllk7916 foreign key (job_posting_id) references job_posting
Hibernate: alter table if exists job_postings_views_mapping add constraint FKdlbmih970jvif9oo5eyn22hhn foreign key (view_id) references view
Hibernate: alter table if exists job_posting add constraint FKtkex2qgpqo0mu9ktsrbfm4rrv foreign key (view_view_id) references view
Hibernate: alter table if exists job_posting_comments add constraint FKtg96l4bgqpowv7el0s76ux0iv foreign key (comments_id) references comments
Hibernate: alter table if exists job_posting_comments add constraint FKg5byr1462f6t7n35e9b8u782v foreign key (job_posting_jobid) references job_posting
Hibernate: alter table if exists job_posting_reactions add constraint FK57qyi3g1g9rkmaa1dwnqbplsf foreign key (reactions_id) references reaction
Hibernate: alter table if exists job_posting_reactions add constraint FK6s43g4gvoanqopocgv9nfc26u foreign key (job_posting_jobid) references job_posting
Hibernate: alter table if exists notifications add constraint FKlsc461jqdd61xu13md2j8yh5m foreign key (referenced_user_id) references users
Hibernate: alter table if exists ratings add constraint FK232bkrebiqtgw79ogsa9hdtkf foreign key (employer_id) references employer
Hibernate: alter table if exists saved_jobs add constraint FKhlatb2x0qkknw7xthgp777dbu foreign key (job_posting_id) references job_posting
Hibernate: alter table if exists saved_jobs add constraint FK5fc45yi5nwtm3y93nt4fcpln6 foreign key (user_id) references users
Hibernate: alter table if exists skills add constraint FK2jxhsddoc3ipw2yl4v9e2sw2h foreign key (tech_talent_user_tech_id) references tech_talent
Hibernate: alter table if exists tech_talent add constraint FKfxrpry3yqg9ff9yg5bxk1o354 foreign key (user_id) references users
Hibernate: alter table if exists verification_code add constraint FK54hony7tk7x7gaaqp0rf16raa foreign key (user_id) references users
2024-01-11T17:00:15.081+01:00  INFO 7106 --- [           main] j.LocalContainerEntityManagerFactoryBean : Initialized JPA EntityManagerFactory for persistence unit 'default'
2024-01-11T17:00:16.162+01:00  INFO 7106 --- [           main] o.s.d.j.r.query.QueryEnhancerFactory     : Hibernate is in classpath; If applicable, HQL parser will be used.
2024-01-11T17:00:16.997+01:00  WARN 7106 --- [           main] JpaBaseConfiguration$JpaWebConfiguration : spring.jpa.open-in-view is enabled by default. Therefore, database queries may be performed during view rendering. Explicitly configure spring.jpa.open-in-view to disable this warning
2024-01-11T17:00:18.201+01:00  INFO 7106 --- [           main] o.s.s.web.DefaultSecurityFilterChain     : Will secure any request with [org.springframework.security.web.session.DisableEncodeUrlFilter@48e0e779, org.springframework.security.web.context.request.async.WebAsyncManagerIntegrationFilter@38ad8c75, org.springframework.security.web.context.SecurityContextHolderFilter@33822750, org.springframework.security.web.header.HeaderWriterFilter@4f55da9b, org.springframework.security.web.authentication.logout.LogoutFilter@1990afa2, core.nxg.configs.JwtAuthenticationFilter@4c69b396, org.springframework.security.web.savedrequest.RequestCacheAwareFilter@6b5dc4bb, org.springframework.security.web.servletapi.SecurityContextHolderAwareRequestFilter@eba64a9, org.springframework.security.web.authentication.AnonymousAuthenticationFilter@22a10b71, org.springframework.security.web.session.SessionManagementFilter@173039b5, org.springframework.security.web.access.ExceptionTranslationFilter@5bd11ad6, org.springframework.security.web.access.intercept.AuthorizationFilter@690337df]
2024-01-11T17:00:18.662+01:00  INFO 7106 --- [           main] o.s.b.a.h2.H2ConsoleAutoConfiguration    : H2 console available at '/h2'. Database available at 'jdbc:h2:mem:testdb'
2024-01-11T17:00:18.802+01:00  INFO 7106 --- [           main] core.nxg.NxgApplicationTests             : Started NxgApplicationTests in 8.536 seconds (process running for 9.567)
]]></system-out>
  </testcase>
</testsuite>